# JRE version: OpenJDK Runtime Environment (8.0_76-b03) (build 1.8.0_76-release-b03)
# Java VM: OpenJDK 64-Bit Server VM (25.76-b03 mixed mode linux-amd64 compressed oops)
Heap:
 PSYoungGen      total 235520K, used 1455K [0x00000000eab00000, 0x0000000100000000, 0x0000000100000000)
  eden space 125440K, 0% used [0x00000000eab00000,0x00000000eab00000,0x00000000f2580000)
  from space 110080K, 1% used [0x00000000f8b80000,0x00000000f8cebd20,0x00000000ff700000)
  to   space 104448K, 0% used [0x00000000f2580000,0x00000000f2580000,0x00000000f8b80000)
 ParOldGen       total 266752K, used 266297K [0x00000000c0000000, 0x00000000d0480000, 0x00000000eab00000)
  object space 266752K, 99% used [0x00000000c0000000,0x00000000d040e7b8,0x00000000d0480000)
 Metaspace       used 6549K, capacity 7280K, committed 7552K, reserved 1056768K
  class space    used 594K, capacity 616K, committed 640K, reserved 1048576K
GC Heap History (10 events):
Event: 4.588 GC heap after
Heap after GC invocations=14 (full 1):
 PSYoungGen      total 232960K, used 69852K [0x00000000eab00000, 0x0000000100000000, 0x0000000100000000)
  eden space 116736K, 0% used [0x00000000eab00000,0x00000000eab00000,0x00000000f1d00000)
  from space 116224K, 60% used [0x00000000f1d00000,0x00000000f6137208,0x00000000f8e80000)
  to   space 116224K, 0% used [0x00000000f8e80000,0x00000000f8e80000,0x0000000100000000)
 ParOldGen       total 159232K, used 154954K [0x00000000c0000000, 0x00000000c9b80000, 0x00000000eab00000)
  object space 159232K, 97% used [0x00000000c0000000,0x00000000c9752a88,0x00000000c9b80000)
 Metaspace       used 6530K, capacity 7280K, committed 7552K, reserved 1056768K
  class space    used 594K, capacity 616K, committed 640K, reserved 1048576K
}
Event: 4.588 GC heap before
{Heap before GC invocations=15 (full 2):
 PSYoungGen      total 232960K, used 69852K [0x00000000eab00000, 0x0000000100000000, 0x0000000100000000)
  eden space 116736K, 0% used [0x00000000eab00000,0x00000000eab00000,0x00000000f1d00000)
  from space 116224K, 60% used [0x00000000f1d00000,0x00000000f6137208,0x00000000f8e80000)
  to   space 116224K, 0% used [0x00000000f8e80000,0x00000000f8e80000,0x0000000100000000)
 ParOldGen       total 159232K, used 154954K [0x00000000c0000000, 0x00000000c9b80000, 0x00000000eab00000)
  object space 159232K, 97% used [0x00000000c0000000,0x00000000c9752a88,0x00000000c9b80000)
 Metaspace       used 6530K, capacity 7280K, committed 7552K, reserved 1056768K
  class space    used 594K, capacity 616K, committed 640K, reserved 1048576K
Event: 5.159 GC heap after
Heap after GC invocations=15 (full 2):
 PSYoungGen      total 232960K, used 57847K [0x00000000eab00000, 0x0000000100000000, 0x0000000100000000)
  eden space 116736K, 0% used [0x00000000eab00000,0x00000000eab00000,0x00000000f1d00000)
  from space 116224K, 49% used [0x00000000f1d00000,0x00000000f557deb0,0x00000000f8e80000)
  to   space 116224K, 0% used [0x00000000f8e80000,0x00000000f8e80000,0x0000000100000000)
 ParOldGen       total 266752K, used 158900K [0x00000000c0000000, 0x00000000d0480000, 0x00000000eab00000)
  object space 266752K, 59% used [0x00000000c0000000,0x00000000c9b2d270,0x00000000d0480000)
 Metaspace       used 6530K, capacity 7280K, committed 7552K, reserved 1056768K
  class space    used 594K, capacity 616K, committed 640K, reserved 1048576K
}
Event: 5.349 GC heap before
{Heap before GC invocations=16 (full 2):
 PSYoungGen      total 232960K, used 174583K [0x00000000eab00000, 0x0000000100000000, 0x0000000100000000)
  eden space 116736K, 100% used [0x00000000eab00000,0x00000000f1d00000,0x00000000f1d00000)
  from space 116224K, 49% used [0x00000000f1d00000,0x00000000f557deb0,0x00000000f8e80000)
  to   space 116224K, 0% used [0x00000000f8e80000,0x00000000f8e80000,0x0000000100000000)
 ParOldGen       total 266752K, used 158900K [0x00000000c0000000, 0x00000000d0480000, 0x00000000eab00000)
  object space 266752K, 59% used [0x00000000c0000000,0x00000000c9b2d270,0x00000000d0480000)
 Metaspace       used 6539K, capacity 7280K, committed 7552K, reserved 1056768K
  class space    used 594K, capacity 616K, committed 640K, reserved 1048576K
Event: 5.473 GC heap after
Heap after GC invocations=16 (full 2):
 PSYoungGen      total 230912K, used 33147K [0x00000000eab00000, 0x00000000ffe00000, 0x0000000100000000)
  eden space 116736K, 0% used [0x00000000eab00000,0x00000000eab00000,0x00000000f1d00000)
  from space 114176K, 29% used [0x00000000f8e80000,0x00000000faedeca0,0x00000000ffe00000)
  to   space 115200K, 0% used [0x00000000f1d00000,0x00000000f1d00000,0x00000000f8d80000)
 ParOldGen       total 266752K, used 201189K [0x00000000c0000000, 0x00000000d0480000, 0x00000000eab00000)
  object space 266752K, 75% used [0x00000000c0000000,0x00000000cc479750,0x00000000d0480000)
 Metaspace       used 6539K, capacity 7280K, committed 7552K, reserved 1056768K
  class space    used 594K, capacity 616K, committed 640K, reserved 1048576K
}
Event: 5.689 GC heap before
{Heap before GC invocations=17 (full 2):
 PSYoungGen      total 230912K, used 149883K [0x00000000eab00000, 0x00000000ffe00000, 0x0000000100000000)
  eden space 116736K, 100% used [0x00000000eab00000,0x00000000f1d00000,0x00000000f1d00000)
  from space 114176K, 29% used [0x00000000f8e80000,0x00000000faedeca0,0x00000000ffe00000)
  to   space 115200K, 0% used [0x00000000f1d00000,0x00000000f1d00000,0x00000000f8d80000)
 ParOldGen       total 266752K, used 201189K [0x00000000c0000000, 0x00000000d0480000, 0x00000000eab00000)
  object space 266752K, 75% used [0x00000000c0000000,0x00000000cc479750,0x00000000d0480000)
 Metaspace       used 6545K, capacity 7280K, committed 7552K, reserved 1056768K
  class space    used 594K, capacity 616K, committed 640K, reserved 1048576K
Event: 5.753 GC heap after
Heap after GC invocations=17 (full 2):
 PSYoungGen      total 151552K, used 34371K [0x00000000eab00000, 0x00000000ff700000, 0x0000000100000000)
  eden space 116736K, 0% used [0x00000000eab00000,0x00000000eab00000,0x00000000f1d00000)
  from space 34816K, 98% used [0x00000000f1d00000,0x00000000f3e90d08,0x00000000f3f00000)
  to   space 110080K, 0% used [0x00000000f8b80000,0x00000000f8b80000,0x00000000ff700000)
 ParOldGen       total 266752K, used 216686K [0x00000000c0000000, 0x00000000d0480000, 0x00000000eab00000)
  object space 266752K, 81% used [0x00000000c0000000,0x00000000cd39b950,0x00000000d0480000)
 Metaspace       used 6545K, capacity 7280K, committed 7552K, reserved 1056768K
  class space    used 594K, capacity 616K, committed 640K, reserved 1048576K
}
Event: 5.951 GC heap before
{Heap before GC invocations=18 (full 2):
 PSYoungGen      total 151552K, used 151107K [0x00000000eab00000, 0x00000000ff700000, 0x0000000100000000)
  eden space 116736K, 100% used [0x00000000eab00000,0x00000000f1d00000,0x00000000f1d00000)
  from space 34816K, 98% used [0x00000000f1d00000,0x00000000f3e90d08,0x00000000f3f00000)
  to   space 110080K, 0% used [0x00000000f8b80000,0x00000000f8b80000,0x00000000ff700000)
 ParOldGen       total 266752K, used 216686K [0x00000000c0000000, 0x00000000d0480000, 0x00000000eab00000)
  object space 266752K, 81% used [0x00000000c0000000,0x00000000cd39b950,0x00000000d0480000)
 Metaspace       used 6549K, capacity 7280K, committed 7552K, reserved 1056768K
  class space    used 594K, capacity 616K, committed 640K, reserved 1048576K
Event: 6.014 GC heap after
Heap after GC invocations=18 (full 2):
 PSYoungGen      total 235520K, used 35352K [0x00000000eab00000, 0x0000000100000000, 0x0000000100000000)
  eden space 125440K, 0% used [0x00000000eab00000,0x00000000eab00000,0x00000000f2580000)
  from space 110080K, 32% used [0x00000000f8b80000,0x00000000fae061f8,0x00000000ff700000)
  to   space 104448K, 0% used [0x00000000f2580000,0x00000000f2580000,0x00000000f8b80000)
 ParOldGen       total 266752K, used 233569K [0x00000000c0000000, 0x00000000d0480000, 0x00000000eab00000)
  object space 266752K, 87% used [0x00000000c0000000,0x00000000ce4185a8,0x00000000d0480000)
 Metaspace       used 6549K, capacity 7280K, committed 7552K, reserved 1056768K
  class space    used 594K, capacity 616K, committed 640K, reserved 1048576K
}
Event: 6.014 GC heap before
{Heap before GC invocations=19 (full 3):
 PSYoungGen      total 235520K, used 35352K [0x00000000eab00000, 0x0000000100000000, 0x0000000100000000)
  eden space 125440K, 0% used [0x00000000eab00000,0x00000000eab00000,0x00000000f2580000)
  from space 110080K, 32% used [0x00000000f8b80000,0x00000000fae061f8,0x00000000ff700000)
  to   space 104448K, 0% used [0x00000000f2580000,0x00000000f2580000,0x00000000f8b80000)
 ParOldGen       total 266752K, used 233569K [0x00000000c0000000, 0x00000000d0480000, 0x00000000eab00000)
  object space 266752K, 87% used [0x00000000c0000000,0x00000000ce4185a8,0x00000000d0480000)
 Metaspace       used 6549K, capacity 7280K, committed 7552K, reserved 1056768K
  class space    used 594K, capacity 616K, committed 640K, reserved 1048576K

