# JRE version: OpenJDK Runtime Environment (8.0_76-b03) (build 1.8.0_76-release-b03)
# Java VM: OpenJDK 64-Bit Server VM (25.76-b03 mixed mode linux-amd64 compressed oops)
Heap:
 PSYoungGen      total 232960K, used 0K [0x00000000eab00000, 0x0000000100000000, 0x0000000100000000)
  eden space 116736K, 0% used [0x00000000eab00000,0x00000000eab00000,0x00000000f1d00000)
  from space 116224K, 0% used [0x00000000f8e80000,0x00000000f8e80000,0x0000000100000000)
  to   space 116224K, 0% used [0x00000000f1d00000,0x00000000f1d00000,0x00000000f8e80000)
 ParOldGen       total 418304K, used 389912K [0x00000000c0000000, 0x00000000d9880000, 0x00000000eab00000)
  object space 418304K, 93% used [0x00000000c0000000,0x00000000d7cc6018,0x00000000d9880000)
 Metaspace       used 6542K, capacity 7280K, committed 7552K, reserved 1056768K
  class space    used 596K, capacity 616K, committed 640K, reserved 1048576K
GC Heap History (10 events):
Event: 8.392 GC heap after
Heap after GC invocations=21 (full 3):
 PSYoungGen      total 232960K, used 50528K [0x00000000eab00000, 0x0000000100000000, 0x0000000100000000)
  eden space 116736K, 0% used [0x00000000eab00000,0x00000000eab00000,0x00000000f1d00000)
  from space 116224K, 43% used [0x00000000f8e80000,0x00000000fbfd80a8,0x0000000100000000)
  to   space 116224K, 0% used [0x00000000f1d00000,0x00000000f1d00000,0x00000000f8e80000)
 ParOldGen       total 418304K, used 269238K [0x00000000c0000000, 0x00000000d9880000, 0x00000000eab00000)
  object space 418304K, 64% used [0x00000000c0000000,0x00000000d06ed818,0x00000000d9880000)
 Metaspace       used 6529K, capacity 7280K, committed 7552K, reserved 1056768K
  class space    used 595K, capacity 616K, committed 640K, reserved 1048576K
}
Event: 8.687 GC heap before
{Heap before GC invocations=22 (full 3):
 PSYoungGen      total 232960K, used 167264K [0x00000000eab00000, 0x0000000100000000, 0x0000000100000000)
  eden space 116736K, 100% used [0x00000000eab00000,0x00000000f1d00000,0x00000000f1d00000)
  from space 116224K, 43% used [0x00000000f8e80000,0x00000000fbfd80a8,0x0000000100000000)
  to   space 116224K, 0% used [0x00000000f1d00000,0x00000000f1d00000,0x00000000f8e80000)
 ParOldGen       total 418304K, used 269238K [0x00000000c0000000, 0x00000000d9880000, 0x00000000eab00000)
  object space 418304K, 64% used [0x00000000c0000000,0x00000000d06ed818,0x00000000d9880000)
 Metaspace       used 6531K, capacity 7280K, committed 7552K, reserved 1056768K
  class space    used 595K, capacity 616K, committed 640K, reserved 1048576K
Event: 8.807 GC heap after
Heap after GC invocations=22 (full 3):
 PSYoungGen      total 232960K, used 37318K [0x00000000eab00000, 0x0000000100000000, 0x0000000100000000)
  eden space 116736K, 0% used [0x00000000eab00000,0x00000000eab00000,0x00000000f1d00000)
  from space 116224K, 32% used [0x00000000f1d00000,0x00000000f4171bd8,0x00000000f8e80000)
  to   space 116224K, 0% used [0x00000000f8e80000,0x00000000f8e80000,0x0000000100000000)
 ParOldGen       total 418304K, used 301182K [0x00000000c0000000, 0x00000000d9880000, 0x00000000eab00000)
  object space 418304K, 72% used [0x00000000c0000000,0x00000000d261f868,0x00000000d9880000)
 Metaspace       used 6531K, capacity 7280K, committed 7552K, reserved 1056768K
  class space    used 595K, capacity 616K, committed 640K, reserved 1048576K
}
Event: 9.029 GC heap before
{Heap before GC invocations=23 (full 3):
 PSYoungGen      total 232960K, used 154054K [0x00000000eab00000, 0x0000000100000000, 0x0000000100000000)
  eden space 116736K, 100% used [0x00000000eab00000,0x00000000f1d00000,0x00000000f1d00000)
  from space 116224K, 32% used [0x00000000f1d00000,0x00000000f4171bd8,0x00000000f8e80000)
  to   space 116224K, 0% used [0x00000000f8e80000,0x00000000f8e80000,0x0000000100000000)
 ParOldGen       total 418304K, used 301182K [0x00000000c0000000, 0x00000000d9880000, 0x00000000eab00000)
  object space 418304K, 72% used [0x00000000c0000000,0x00000000d261f868,0x00000000d9880000)
 Metaspace       used 6532K, capacity 7280K, committed 7552K, reserved 1056768K
  class space    used 595K, capacity 616K, committed 640K, reserved 1048576K
Event: 9.099 GC heap after
Heap after GC invocations=23 (full 3):
 PSYoungGen      total 232960K, used 19128K [0x00000000eab00000, 0x0000000100000000, 0x0000000100000000)
  eden space 116736K, 0% used [0x00000000eab00000,0x00000000eab00000,0x00000000f1d00000)
  from space 116224K, 16% used [0x00000000f8e80000,0x00000000fa12e1a8,0x0000000100000000)
  to   space 116224K, 0% used [0x00000000f1d00000,0x00000000f1d00000,0x00000000f8e80000)
 ParOldGen       total 418304K, used 337927K [0x00000000c0000000, 0x00000000d9880000, 0x00000000eab00000)
  object space 418304K, 80% used [0x00000000c0000000,0x00000000d4a01f18,0x00000000d9880000)
 Metaspace       used 6532K, capacity 7280K, committed 7552K, reserved 1056768K
  class space    used 595K, capacity 616K, committed 640K, reserved 1048576K
}
Event: 9.285 GC heap before
{Heap before GC invocations=24 (full 3):
 PSYoungGen      total 232960K, used 135864K [0x00000000eab00000, 0x0000000100000000, 0x0000000100000000)
  eden space 116736K, 100% used [0x00000000eab00000,0x00000000f1d00000,0x00000000f1d00000)
  from space 116224K, 16% used [0x00000000f8e80000,0x00000000fa12e1a8,0x0000000100000000)
  to   space 116224K, 0% used [0x00000000f1d00000,0x00000000f1d00000,0x00000000f8e80000)
 ParOldGen       total 418304K, used 337927K [0x00000000c0000000, 0x00000000d9880000, 0x00000000eab00000)
  object space 418304K, 80% used [0x00000000c0000000,0x00000000d4a01f18,0x00000000d9880000)
 Metaspace       used 6532K, capacity 7280K, committed 7552K, reserved 1056768K
  class space    used 595K, capacity 616K, committed 640K, reserved 1048576K
Event: 9.330 GC heap after
Heap after GC invocations=24 (full 3):
 PSYoungGen      total 232960K, used 23498K [0x00000000eab00000, 0x0000000100000000, 0x0000000100000000)
  eden space 116736K, 0% used [0x00000000eab00000,0x00000000eab00000,0x00000000f1d00000)
  from space 116224K, 20% used [0x00000000f1d00000,0x00000000f33f2948,0x00000000f8e80000)
  to   space 116224K, 0% used [0x00000000f8e80000,0x00000000f8e80000,0x0000000100000000)
 ParOldGen       total 418304K, used 356188K [0x00000000c0000000, 0x00000000d9880000, 0x00000000eab00000)
  object space 418304K, 85% used [0x00000000c0000000,0x00000000d5bd7030,0x00000000d9880000)
 Metaspace       used 6532K, capacity 7280K, committed 7552K, reserved 1056768K
  class space    used 595K, capacity 616K, committed 640K, reserved 1048576K
}
Event: 9.518 GC heap before
{Heap before GC invocations=25 (full 3):
 PSYoungGen      total 232960K, used 140234K [0x00000000eab00000, 0x0000000100000000, 0x0000000100000000)
  eden space 116736K, 100% used [0x00000000eab00000,0x00000000f1d00000,0x00000000f1d00000)
  from space 116224K, 20% used [0x00000000f1d00000,0x00000000f33f2948,0x00000000f8e80000)
  to   space 116224K, 0% used [0x00000000f8e80000,0x00000000f8e80000,0x0000000100000000)
 ParOldGen       total 418304K, used 356188K [0x00000000c0000000, 0x00000000d9880000, 0x00000000eab00000)
  object space 418304K, 85% used [0x00000000c0000000,0x00000000d5bd7030,0x00000000d9880000)
 Metaspace       used 6542K, capacity 7280K, committed 7552K, reserved 1056768K
  class space    used 596K, capacity 616K, committed 640K, reserved 1048576K
Event: 9.556 GC heap after
Heap after GC invocations=25 (full 3):
 PSYoungGen      total 232960K, used 18549K [0x00000000eab00000, 0x0000000100000000, 0x0000000100000000)
  eden space 116736K, 0% used [0x00000000eab00000,0x00000000eab00000,0x00000000f1d00000)
  from space 116224K, 15% used [0x00000000f8e80000,0x00000000fa09d638,0x0000000100000000)
  to   space 116224K, 0% used [0x00000000f1d00000,0x00000000f1d00000,0x00000000f8e80000)
 ParOldGen       total 418304K, used 372963K [0x00000000c0000000, 0x00000000d9880000, 0x00000000eab00000)
  object space 418304K, 89% used [0x00000000c0000000,0x00000000d6c38f50,0x00000000d9880000)
 Metaspace       used 6542K, capacity 7280K, committed 7552K, reserved 1056768K
  class space    used 596K, capacity 616K, committed 640K, reserved 1048576K
}
Event: 9.556 GC heap before
{Heap before GC invocations=26 (full 4):
 PSYoungGen      total 232960K, used 18549K [0x00000000eab00000, 0x0000000100000000, 0x0000000100000000)
  eden space 116736K, 0% used [0x00000000eab00000,0x00000000eab00000,0x00000000f1d00000)
  from space 116224K, 15% used [0x00000000f8e80000,0x00000000fa09d638,0x0000000100000000)
  to   space 116224K, 0% used [0x00000000f1d00000,0x00000000f1d00000,0x00000000f8e80000)
 ParOldGen       total 418304K, used 372963K [0x00000000c0000000, 0x00000000d9880000, 0x00000000eab00000)
  object space 418304K, 89% used [0x00000000c0000000,0x00000000d6c38f50,0x00000000d9880000)
 Metaspace       used 6542K, capacity 7280K, committed 7552K, reserved 1056768K
  class space    used 596K, capacity 616K, committed 640K, reserved 1048576K

